<?xml version="1.0" encoding="UTF-8"?>
<!-- Generated by org.testng.reporters.JUnitReportReporter -->
<testsuite skipped="0" hostname="PinkPrincess-PC" name="testbase.testbase" tests="1" failures="0" timestamp="11 Mar 2018 05:58:58 GMT" time="0.040" errors="0">
  <testcase name="testrun" time="0.040" classname="testbase.testbase"/>
</testsuite> <!-- testbase.testbase -->
