<?xml version="1.0" encoding="UTF-8"?>
<!-- Generated by org.testng.reporters.JUnitReportReporter -->
<testsuite skipped="0" hostname="PinkPrincess-PC" name="pages.Login" tests="2" failures="0" timestamp="11 Mar 2018 06:50:25 GMT" time="0.061" errors="0">
  <testcase name="logincall" time="0.058" classname="pages.Login"/>
  <testcase name="testrun" time="0.003" classname="pages.Login"/>
</testsuite> <!-- pages.Login -->
