<?xml version="1.0" encoding="UTF-8"?>
<!-- Generated by org.testng.reporters.JUnitReportReporter -->
<testsuite skipped="0" hostname="PinkPrincess-PC" name="testcases.login" tests="2" failures="0" timestamp="12 Mar 2018 04:03:54 GMT" time="3.904" errors="0">
  <testcase name="logincall" time="3.902" classname="testcases.login"/>
  <testcase name="testrun" time="0.002" classname="testcases.login"/>
</testsuite> <!-- testcases.login -->
